# JRE version: Java(TM) SE Runtime Environment (8.0_111-b14) (build 1.8.0_111-b14)
# Java VM: Java HotSpot(TM) 64-Bit Server VM (25.111-b14 mixed mode windows-amd64 compressed oops)
Heap:
 PSYoungGen      total 43520K, used 15362K [0x00000000e0000000, 0x00000000e3700000, 0x0000000100000000)
  eden space 43008K, 34% used [0x00000000e0000000,0x00000000e0eb0a40,0x00000000e2a00000)
  from space 512K, 62% used [0x00000000e2b00000,0x00000000e2b50000,0x00000000e2b80000)
  to   space 6656K, 0% used [0x00000000e3080000,0x00000000e3080000,0x00000000e3700000)
 ParOldGen       total 162816K, used 151064K [0x00000000a0000000, 0x00000000a9f00000, 0x00000000e0000000)
  object space 162816K, 92% used [0x00000000a0000000,0x00000000a9386240,0x00000000a9f00000)
 Metaspace       used 13045K, capacity 13300K, committed 13440K, reserved 1060864K
  class space    used 1474K, capacity 1550K, committed 1664K, reserved 1048576K
GC Heap History (10 events):
Event: 13.445 GC heap before
{Heap before GC invocations=9 (full 0):
 PSYoungGen      total 55296K, used 49539K [0x00000000e0000000, 0x00000000e3c00000, 0x0000000100000000)
  eden space 49152K, 100% used [0x00000000e0000000,0x00000000e3000000,0x00000000e3000000)
  from space 6144K, 6% used [0x00000000e3600000,0x00000000e3660eb0,0x00000000e3c00000)
  to   space 6144K, 0% used [0x00000000e3000000,0x00000000e3000000,0x00000000e3600000)
 ParOldGen       total 162816K, used 150420K [0x00000000a0000000, 0x00000000a9f00000, 0x00000000e0000000)
  object space 162816K, 92% used [0x00000000a0000000,0x00000000a92e5348,0x00000000a9f00000)
 Metaspace       used 12940K, capacity 13172K, committed 13440K, reserved 1060864K
  class space    used 1473K, capacity 1550K, committed 1664K, reserved 1048576K
Event: 13.450 GC heap after
Heap after GC invocations=9 (full 0):
 PSYoungGen      total 48128K, used 320K [0x00000000e0000000, 0x00000000e3b80000, 0x0000000100000000)
  eden space 47616K, 0% used [0x00000000e0000000,0x00000000e0000000,0x00000000e2e80000)
  from space 512K, 62% used [0x00000000e3000000,0x00000000e3050000,0x00000000e3080000)
  to   space 6656K, 0% used [0x00000000e3500000,0x00000000e3500000,0x00000000e3b80000)
 ParOldGen       total 162816K, used 150552K [0x00000000a0000000, 0x00000000a9f00000, 0x00000000e0000000)
  object space 162816K, 92% used [0x00000000a0000000,0x00000000a9306240,0x00000000a9f00000)
 Metaspace       used 12940K, capacity 13172K, committed 13440K, reserved 1060864K
  class space    used 1473K, capacity 1550K, committed 1664K, reserved 1048576K
}
Event: 15.448 GC heap before
{Heap before GC invocations=10 (full 0):
 PSYoungGen      total 48128K, used 47936K [0x00000000e0000000, 0x00000000e3b80000, 0x0000000100000000)
  eden space 47616K, 100% used [0x00000000e0000000,0x00000000e2e80000,0x00000000e2e80000)
  from space 512K, 62% used [0x00000000e3000000,0x00000000e3050000,0x00000000e3080000)
  to   space 6656K, 0% used [0x00000000e3500000,0x00000000e3500000,0x00000000e3b80000)
 ParOldGen       total 162816K, used 150552K [0x00000000a0000000, 0x00000000a9f00000, 0x00000000e0000000)
  object space 162816K, 92% used [0x00000000a0000000,0x00000000a9306240,0x00000000a9f00000)
 Metaspace       used 12981K, capacity 13236K, committed 13440K, reserved 1060864K
  class space    used 1474K, capacity 1550K, committed 1664K, reserved 1048576K
Event: 15.453 GC heap after
Heap after GC invocations=10 (full 0):
 PSYoungGen      total 51200K, used 320K [0x00000000e0000000, 0x00000000e3a00000, 0x0000000100000000)
  eden space 46080K, 0% used [0x00000000e0000000,0x00000000e0000000,0x00000000e2d00000)
  from space 5120K, 6% used [0x00000000e3500000,0x00000000e3550000,0x00000000e3a00000)
  to   space 6656K, 0% used [0x00000000e2d00000,0x00000000e2d00000,0x00000000e3380000)
 ParOldGen       total 162816K, used 150600K [0x00000000a0000000, 0x00000000a9f00000, 0x00000000e0000000)
  object space 162816K, 92% used [0x00000000a0000000,0x00000000a9312240,0x00000000a9f00000)
 Metaspace       used 12981K, capacity 13236K, committed 13440K, reserved 1060864K
  class space    used 1474K, capacity 1550K, committed 1664K, reserved 1048576K
}
Event: 16.701 GC heap before
{Heap before GC invocations=11 (full 0):
 PSYoungGen      total 51200K, used 46400K [0x00000000e0000000, 0x00000000e3a00000, 0x0000000100000000)
  eden space 46080K, 100% used [0x00000000e0000000,0x00000000e2d00000,0x00000000e2d00000)
  from space 5120K, 6% used [0x00000000e3500000,0x00000000e3550000,0x00000000e3a00000)
  to   space 6656K, 0% used [0x00000000e2d00000,0x00000000e2d00000,0x00000000e3380000)
 ParOldGen       total 162816K, used 150600K [0x00000000a0000000, 0x00000000a9f00000, 0x00000000e0000000)
  object space 162816K, 92% used [0x00000000a0000000,0x00000000a9312240,0x00000000a9f00000)
 Metaspace       used 13001K, capacity 13236K, committed 13440K, reserved 1060864K
  class space    used 1474K, capacity 1550K, committed 1664K, reserved 1048576K
Event: 16.704 GC heap after
Heap after GC invocations=11 (full 0):
 PSYoungGen      total 45568K, used 288K [0x00000000e0000000, 0x00000000e3900000, 0x0000000100000000)
  eden space 45056K, 0% used [0x00000000e0000000,0x00000000e0000000,0x00000000e2c00000)
  from space 512K, 56% used [0x00000000e2d00000,0x00000000e2d48000,0x00000000e2d80000)
  to   space 6656K, 0% used [0x00000000e3280000,0x00000000e3280000,0x00000000e3900000)
 ParOldGen       total 162816K, used 150728K [0x00000000a0000000, 0x00000000a9f00000, 0x00000000e0000000)
  object space 162816K, 92% used [0x00000000a0000000,0x00000000a9332240,0x00000000a9f00000)
 Metaspace       used 13001K, capacity 13236K, committed 13440K, reserved 1060864K
  class space    used 1474K, capacity 1550K, committed 1664K, reserved 1048576K
}
Event: 17.789 GC heap before
{Heap before GC invocations=12 (full 0):
 PSYoungGen      total 45568K, used 45344K [0x00000000e0000000, 0x00000000e3900000, 0x0000000100000000)
  eden space 45056K, 100% used [0x00000000e0000000,0x00000000e2c00000,0x00000000e2c00000)
  from space 512K, 56% used [0x00000000e2d00000,0x00000000e2d48000,0x00000000e2d80000)
  to   space 6656K, 0% used [0x00000000e3280000,0x00000000e3280000,0x00000000e3900000)
 ParOldGen       total 162816K, used 150728K [0x00000000a0000000, 0x00000000a9f00000, 0x00000000e0000000)
  object space 162816K, 92% used [0x00000000a0000000,0x00000000a9332240,0x00000000a9f00000)
 Metaspace       used 13014K, capacity 13236K, committed 13440K, reserved 1060864K
  class space    used 1474K, capacity 1550K, committed 1664K, reserved 1048576K
Event: 17.792 GC heap after
Heap after GC invocations=12 (full 0):
 PSYoungGen      total 49664K, used 288K [0x00000000e0000000, 0x00000000e3800000, 0x0000000100000000)
  eden space 44032K, 0% used [0x00000000e0000000,0x00000000e0000000,0x00000000e2b00000)
  from space 5632K, 5% used [0x00000000e3280000,0x00000000e32c8000,0x00000000e3800000)
  to   space 6656K, 0% used [0x00000000e2b00000,0x00000000e2b00000,0x00000000e3180000)
 ParOldGen       total 162816K, used 150904K [0x00000000a0000000, 0x00000000a9f00000, 0x00000000e0000000)
  object space 162816K, 92% used [0x00000000a0000000,0x00000000a935e240,0x00000000a9f00000)
 Metaspace       used 13014K, capacity 13236K, committed 13440K, reserved 1060864K
  class space    used 1474K, capacity 1550K, committed 1664K, reserved 1048576K
}
Event: 18.731 GC heap before
{Heap before GC invocations=13 (full 0):
 PSYoungGen      total 49664K, used 44320K [0x00000000e0000000, 0x00000000e3800000, 0x0000000100000000)
  eden space 44032K, 100% used [0x00000000e0000000,0x00000000e2b00000,0x00000000e2b00000)
  from space 5632K, 5% used [0x00000000e3280000,0x00000000e32c8000,0x00000000e3800000)
  to   space 6656K, 0% used [0x00000000e2b00000,0x00000000e2b00000,0x00000000e3180000)
 ParOldGen       total 162816K, used 150904K [0x00000000a0000000, 0x00000000a9f00000, 0x00000000e0000000)
  object space 162816K, 92% used [0x00000000a0000000,0x00000000a935e240,0x00000000a9f00000)
 Metaspace       used 13036K, capacity 13300K, committed 13440K, reserved 1060864K
  class space    used 1474K, capacity 1550K, committed 1664K, reserved 1048576K
Event: 18.736 GC heap after
Heap after GC invocations=13 (full 0):
 PSYoungGen      total 43520K, used 320K [0x00000000e0000000, 0x00000000e3700000, 0x0000000100000000)
  eden space 43008K, 0% used [0x00000000e0000000,0x00000000e0000000,0x00000000e2a00000)
  from space 512K, 62% used [0x00000000e2b00000,0x00000000e2b50000,0x00000000e2b80000)
  to   space 6656K, 0% used [0x00000000e3080000,0x00000000e3080000,0x00000000e3700000)
 ParOldGen       total 162816K, used 151064K [0x00000000a0000000, 0x00000000a9f00000, 0x00000000e0000000)
  object space 162816K, 92% used [0x00000000a0000000,0x00000000a9386240,0x00000000a9f00000)
 Metaspace       used 13036K, capacity 13300K, committed 13440K, reserved 1060864K
  class space    used 1474K, capacity 1550K, committed 1664K, reserved 1048576K
}

