# JRE version: Java(TM) SE Runtime Environment (8.0_111-b14) (build 1.8.0_111-b14)
# Java VM: Java HotSpot(TM) 64-Bit Server VM (25.111-b14 mixed mode windows-amd64 compressed oops)
Heap:
 PSYoungGen      total 22016K, used 12636K [0x00000000e0000000, 0x00000000e3280000, 0x0000000100000000)
  eden space 21504K, 58% used [0x00000000e0000000,0x00000000e0c2f330,0x00000000e1500000)
  from space 512K, 31% used [0x00000000e3200000,0x00000000e3228000,0x00000000e3280000)
  to   space 512K, 0% used [0x00000000e3180000,0x00000000e3180000,0x00000000e3200000)
 ParOldGen       total 79872K, used 58111K [0x00000000a0000000, 0x00000000a4e00000, 0x00000000e0000000)
  object space 79872K, 72% used [0x00000000a0000000,0x00000000a38bfc18,0x00000000a4e00000)
 Metaspace       used 13222K, capacity 13444K, committed 13696K, reserved 1060864K
  class space    used 1472K, capacity 1550K, committed 1664K, reserved 1048576K
GC Heap History (10 events):
Event: 138.142 GC heap before
{Heap before GC invocations=235 (full 1):
 PSYoungGen      total 22016K, used 21632K [0x00000000e0000000, 0x00000000e3280000, 0x0000000100000000)
  eden space 21504K, 100% used [0x00000000e0000000,0x00000000e1500000,0x00000000e1500000)
  from space 512K, 25% used [0x00000000e3180000,0x00000000e31a0000,0x00000000e3200000)
  to   space 512K, 0% used [0x00000000e3200000,0x00000000e3200000,0x00000000e3280000)
 ParOldGen       total 79872K, used 57863K [0x00000000a0000000, 0x00000000a4e00000, 0x00000000e0000000)
  object space 79872K, 72% used [0x00000000a0000000,0x00000000a3881c18,0x00000000a4e00000)
 Metaspace       used 13222K, capacity 13444K, committed 13696K, reserved 1060864K
  class space    used 1472K, capacity 1550K, committed 1664K, reserved 1048576K
Event: 138.144 GC heap after
Heap after GC invocations=235 (full 1):
 PSYoungGen      total 22016K, used 128K [0x00000000e0000000, 0x00000000e3280000, 0x0000000100000000)
  eden space 21504K, 0% used [0x00000000e0000000,0x00000000e0000000,0x00000000e1500000)
  from space 512K, 25% used [0x00000000e3200000,0x00000000e3220000,0x00000000e3280000)
  to   space 512K, 0% used [0x00000000e3180000,0x00000000e3180000,0x00000000e3200000)
 ParOldGen       total 79872K, used 57911K [0x00000000a0000000, 0x00000000a4e00000, 0x00000000e0000000)
  object space 79872K, 72% used [0x00000000a0000000,0x00000000a388dc18,0x00000000a4e00000)
 Metaspace       used 13222K, capacity 13444K, committed 13696K, reserved 1060864K
  class space    used 1472K, capacity 1550K, committed 1664K, reserved 1048576K
}
Event: 138.510 GC heap before
{Heap before GC invocations=236 (full 1):
 PSYoungGen      total 22016K, used 21632K [0x00000000e0000000, 0x00000000e3280000, 0x0000000100000000)
  eden space 21504K, 100% used [0x00000000e0000000,0x00000000e1500000,0x00000000e1500000)
  from space 512K, 25% used [0x00000000e3200000,0x00000000e3220000,0x00000000e3280000)
  to   space 512K, 0% used [0x00000000e3180000,0x00000000e3180000,0x00000000e3200000)
 ParOldGen       total 79872K, used 57911K [0x00000000a0000000, 0x00000000a4e00000, 0x00000000e0000000)
  object space 79872K, 72% used [0x00000000a0000000,0x00000000a388dc18,0x00000000a4e00000)
 Metaspace       used 13222K, capacity 13444K, committed 13696K, reserved 1060864K
  class space    used 1472K, capacity 1550K, committed 1664K, reserved 1048576K
Event: 138.512 GC heap after
Heap after GC invocations=236 (full 1):
 PSYoungGen      total 22016K, used 160K [0x00000000e0000000, 0x00000000e3280000, 0x0000000100000000)
  eden space 21504K, 0% used [0x00000000e0000000,0x00000000e0000000,0x00000000e1500000)
  from space 512K, 31% used [0x00000000e3180000,0x00000000e31a8000,0x00000000e3200000)
  to   space 512K, 0% used [0x00000000e3200000,0x00000000e3200000,0x00000000e3280000)
 ParOldGen       total 79872K, used 57967K [0x00000000a0000000, 0x00000000a4e00000, 0x00000000e0000000)
  object space 79872K, 72% used [0x00000000a0000000,0x00000000a389bc18,0x00000000a4e00000)
 Metaspace       used 13222K, capacity 13444K, committed 13696K, reserved 1060864K
  class space    used 1472K, capacity 1550K, committed 1664K, reserved 1048576K
}
Event: 138.864 GC heap before
{Heap before GC invocations=237 (full 1):
 PSYoungGen      total 22016K, used 21664K [0x00000000e0000000, 0x00000000e3280000, 0x0000000100000000)
  eden space 21504K, 100% used [0x00000000e0000000,0x00000000e1500000,0x00000000e1500000)
  from space 512K, 31% used [0x00000000e3180000,0x00000000e31a8000,0x00000000e3200000)
  to   space 512K, 0% used [0x00000000e3200000,0x00000000e3200000,0x00000000e3280000)
 ParOldGen       total 79872K, used 57967K [0x00000000a0000000, 0x00000000a4e00000, 0x00000000e0000000)
  object space 79872K, 72% used [0x00000000a0000000,0x00000000a389bc18,0x00000000a4e00000)
 Metaspace       used 13222K, capacity 13444K, committed 13696K, reserved 1060864K
  class space    used 1472K, capacity 1550K, committed 1664K, reserved 1048576K
Event: 138.867 GC heap after
Heap after GC invocations=237 (full 1):
 PSYoungGen      total 22016K, used 128K [0x00000000e0000000, 0x00000000e3280000, 0x0000000100000000)
  eden space 21504K, 0% used [0x00000000e0000000,0x00000000e0000000,0x00000000e1500000)
  from space 512K, 25% used [0x00000000e3200000,0x00000000e3220000,0x00000000e3280000)
  to   space 512K, 0% used [0x00000000e3180000,0x00000000e3180000,0x00000000e3200000)
 ParOldGen       total 79872K, used 58015K [0x00000000a0000000, 0x00000000a4e00000, 0x00000000e0000000)
  object space 79872K, 72% used [0x00000000a0000000,0x00000000a38a7c18,0x00000000a4e00000)
 Metaspace       used 13222K, capacity 13444K, committed 13696K, reserved 1060864K
  class space    used 1472K, capacity 1550K, committed 1664K, reserved 1048576K
}
Event: 139.216 GC heap before
{Heap before GC invocations=238 (full 1):
 PSYoungGen      total 22016K, used 21632K [0x00000000e0000000, 0x00000000e3280000, 0x0000000100000000)
  eden space 21504K, 100% used [0x00000000e0000000,0x00000000e1500000,0x00000000e1500000)
  from space 512K, 25% used [0x00000000e3200000,0x00000000e3220000,0x00000000e3280000)
  to   space 512K, 0% used [0x00000000e3180000,0x00000000e3180000,0x00000000e3200000)
 ParOldGen       total 79872K, used 58015K [0x00000000a0000000, 0x00000000a4e00000, 0x00000000e0000000)
  object space 79872K, 72% used [0x00000000a0000000,0x00000000a38a7c18,0x00000000a4e00000)
 Metaspace       used 13222K, capacity 13444K, committed 13696K, reserved 1060864K
  class space    used 1472K, capacity 1550K, committed 1664K, reserved 1048576K
Event: 139.219 GC heap after
Heap after GC invocations=238 (full 1):
 PSYoungGen      total 22016K, used 128K [0x00000000e0000000, 0x00000000e3280000, 0x0000000100000000)
  eden space 21504K, 0% used [0x00000000e0000000,0x00000000e0000000,0x00000000e1500000)
  from space 512K, 25% used [0x00000000e3180000,0x00000000e31a0000,0x00000000e3200000)
  to   space 512K, 0% used [0x00000000e3200000,0x00000000e3200000,0x00000000e3280000)
 ParOldGen       total 79872K, used 58063K [0x00000000a0000000, 0x00000000a4e00000, 0x00000000e0000000)
  object space 79872K, 72% used [0x00000000a0000000,0x00000000a38b3c18,0x00000000a4e00000)
 Metaspace       used 13222K, capacity 13444K, committed 13696K, reserved 1060864K
  class space    used 1472K, capacity 1550K, committed 1664K, reserved 1048576K
}
Event: 139.593 GC heap before
{Heap before GC invocations=239 (full 1):
 PSYoungGen      total 22016K, used 21632K [0x00000000e0000000, 0x00000000e3280000, 0x0000000100000000)
  eden space 21504K, 100% used [0x00000000e0000000,0x00000000e1500000,0x00000000e1500000)
  from space 512K, 25% used [0x00000000e3180000,0x00000000e31a0000,0x00000000e3200000)
  to   space 512K, 0% used [0x00000000e3200000,0x00000000e3200000,0x00000000e3280000)
 ParOldGen       total 79872K, used 58063K [0x00000000a0000000, 0x00000000a4e00000, 0x00000000e0000000)
  object space 79872K, 72% used [0x00000000a0000000,0x00000000a38b3c18,0x00000000a4e00000)
 Metaspace       used 13222K, capacity 13444K, committed 13696K, reserved 1060864K
  class space    used 1472K, capacity 1550K, committed 1664K, reserved 1048576K
Event: 139.596 GC heap after
Heap after GC invocations=239 (full 1):
 PSYoungGen      total 22016K, used 160K [0x00000000e0000000, 0x00000000e3280000, 0x0000000100000000)
  eden space 21504K, 0% used [0x00000000e0000000,0x00000000e0000000,0x00000000e1500000)
  from space 512K, 31% used [0x00000000e3200000,0x00000000e3228000,0x00000000e3280000)
  to   space 512K, 0% used [0x00000000e3180000,0x00000000e3180000,0x00000000e3200000)
 ParOldGen       total 79872K, used 58111K [0x00000000a0000000, 0x00000000a4e00000, 0x00000000e0000000)
  object space 79872K, 72% used [0x00000000a0000000,0x00000000a38bfc18,0x00000000a4e00000)
 Metaspace       used 13222K, capacity 13444K, committed 13696K, reserved 1060864K
  class space    used 1472K, capacity 1550K, committed 1664K, reserved 1048576K
}

